2025-03-05 22:04:53,255 - INFO - Initializing broker: fyers (Attempt 1)
2025-03-05 22:07:00,227 - INFO - Initializing broker: fyers (Attempt 1)
2025-03-05 22:08:26,607 - INFO - Initializing broker: fyers (Attempt 1)
2025-03-05 22:26:52,377 - INFO - Initializing broker: fyers (Attempt 1)
2025-03-05 22:28:17,694 - INFO - Initializing broker: fyers (Attempt 1)
2025-03-05 22:28:26,237 - INFO - Initializing broker: fyers (Attempt 1)
2025-03-05 22:29:09,076 - INFO - Initializing broker: fyers (Attempt 1)
2025-03-05 22:34:10,369 - INFO - Initializing broker: fyers (Attempt 1)
2025-03-07 15:00:03,189 - INFO - Initializing broker: fyers (Attempt 1)
2025-03-07 15:07:12,953 - INFO - ✅ TimescaleDB connection pool initialized.
2025-03-07 15:07:12,954 - INFO - 🔌 TimescaleDB connection pool closed.
2025-03-07 15:07:12,964 - INFO - Initializing broker: fyers (Attempt 1)
2025-03-07 15:10:23,906 - INFO - ✅ TimescaleDB connection pool initialized.
2025-03-07 15:10:24,898 - INFO - ✅ Query executed: SELECT * FROM nifty50.nifty50_1d LIMIT 5;
2025-03-07 15:10:24,900 - INFO - 🔌 TimescaleDB connection pool closed.
2025-03-07 15:11:27,852 - INFO - ✅ TimescaleDB connection pool initialized.
2025-03-07 15:11:28,016 - INFO - ✅ Query executed: SELECT * FROM nifty50.nifty50_1d ORDER BY timestamp desc LIMIT 5;
2025-03-07 15:11:28,018 - INFO - 🔌 TimescaleDB connection pool closed.
2025-03-07 15:12:38,962 - INFO - ✅ TimescaleDB connection pool initialized.
2025-03-07 15:12:39,101 - INFO - ✅ Query executed: SELECT * FROM nifty50.nifty50_1d ORDER BY timestamp desc LIMIT 1;
2025-03-07 15:12:39,103 - INFO - 🔌 TimescaleDB connection pool closed.
2025-03-07 15:13:02,370 - INFO - ✅ TimescaleDB connection pool initialized.
2025-03-07 15:13:02,511 - INFO - ✅ Query executed: SELECT timestamp FROM nifty50.nifty50_1d ORDER BY timestamp desc LIMIT 1;
2025-03-07 15:13:02,513 - INFO - 🔌 TimescaleDB connection pool closed.
2025-03-07 16:12:57,829 - INFO - Initializing broker: fyers (Attempt 1)
2025-03-07 16:13:52,719 - INFO - Initializing broker: fyers (Attempt 1)
2025-03-07 16:16:05,668 - INFO - Initializing broker: fyers (Attempt 1)
2025-03-07 16:16:52,771 - INFO - Initializing broker: fyers (Attempt 1)
2025-03-07 16:26:36,334 - INFO - Initializing broker: fyers (Attempt 1)
2025-03-07 16:27:47,869 - INFO - Initializing broker: fyers (Attempt 1)
2025-03-07 16:28:50,122 - INFO - Initializing broker: fyers (Attempt 1)
2025-03-07 16:30:17,211 - INFO - Initializing broker: fyers (Attempt 1)
2025-03-07 16:40:13,830 - INFO - Initializing broker: fyers (Attempt 1)
2025-03-07 16:40:34,672 - INFO - Initializing broker: fyers (Attempt 1)
2025-03-07 16:43:23,654 - INFO - Initializing broker: fyers (Attempt 1)
2025-03-07 16:44:52,606 - INFO - Initializing broker: fyers (Attempt 1)
2025-03-07 17:00:19,310 - INFO - Initializing broker: fyers (Attempt 1)
2025-03-07 17:03:07,601 - INFO - Initializing broker: fyers (Attempt 1)
2025-03-11 19:52:22,458 - INFO - Initializing broker: fyers (Attempt 1)
2025-03-11 19:52:52,698 - INFO - Initializing broker: fyers (Attempt 1)
2025-03-16 17:58:24,611 - INFO - Initializing broker: fyers (Attempt 1)
2025-03-16 17:58:51,304 - INFO - Initializing broker: fyers (Attempt 1)
2025-03-16 18:00:27,270 - INFO - Initializing broker: fyers (Attempt 1)
2025-03-16 18:02:55,875 - INFO - Initializing broker: fyers (Attempt 1)
2025-03-16 18:07:39,145 - INFO - Initializing broker: fyers (Attempt 1)
2025-03-16 18:08:49,822 - INFO - Initializing broker: fyers (Attempt 1)
2025-03-16 18:45:53,327 - INFO - Initializing broker: fyers (Attempt 1)
2025-03-16 18:48:54,687 - INFO - Initializing broker: fyers (Attempt 1)
2025-03-16 18:49:58,591 - INFO - Initializing broker: fyers (Attempt 1)
2025-03-16 19:38:09,194 - INFO - Initializing broker: fyers (Attempt 1)
2025-03-16 19:40:31,504 - INFO - Initializing broker: fyers (Attempt 1)
2025-03-16 19:42:09,036 - INFO - Initializing broker: fyers (Attempt 1)
2025-03-16 19:42:47,384 - INFO - Initializing broker: fyers (Attempt 1)
2025-03-16 19:43:21,633 - INFO - Initializing broker: fyers (Attempt 1)
2025-03-16 19:44:13,667 - INFO - Initializing broker: fyers (Attempt 1)
2025-03-16 19:45:47,646 - INFO - Initializing broker: fyers (Attempt 1)
2025-03-16 19:47:39,818 - INFO - Initializing broker: fyers (Attempt 1)
2025-03-16 20:13:44,073 - INFO - Initializing broker: fyers (Attempt 1)
2025-03-16 20:13:53,034 - INFO - Initializing broker: fyers (Attempt 1)
2025-03-16 20:20:27,685 - INFO - Initializing broker: fyers (Attempt 1)
2025-03-16 20:21:19,064 - INFO - Initializing broker: fyers (Attempt 1)
2025-03-16 20:28:05,382 - INFO - Initializing broker: fyers (Attempt 1)
2025-03-16 21:00:04,408 - INFO - Initializing broker: fyers (Attempt 1)
2025-03-18 16:46:49,109 - INFO - Initializing broker: fyers (Attempt 1)
2025-03-18 16:47:20,938 - INFO - Initializing broker: fyers (Attempt 1)
2025-03-18 16:47:39,282 - INFO - Initializing broker: fyers (Attempt 1)
