{"level":"ERROR","location":"[get_call:143] fyersModel","message":{"API":"/funds","Error":{"code":-16,"message":"Could not authenticate the user","s":"error"}},"timestamp":"2025-02-25 16:44:47,463+0530","service":"FyersAPI"}
{"level":"ERROR","location":"[get_call:143] fyersModel","message":{"API":"/positions","Error":{"code":-16,"message":"Could not authenticate the user","s":"error"}},"timestamp":"2025-02-25 16:44:47,578+0530","service":"FyersAPI"}
{"level":"ERROR","location":"[get_call:143] fyersModel","message":{"API":"/funds","Error":{"code":-16,"message":"Could not authenticate the user","s":"error"}},"timestamp":"2025-02-25 16:46:02,422+0530","service":"FyersAPI"}
{"level":"ERROR","location":"[get_call:143] fyersModel","message":{"API":"/positions","Error":{"code":-16,"message":"Could not authenticate the user","s":"error"}},"timestamp":"2025-02-25 16:46:02,548+0530","service":"FyersAPI"}
{"level":"ERROR","location":"[get_call:143] fyersModel","message":{"API":"/funds","Error":{"code":-16,"message":"Could not authenticate the user","s":"error"}},"timestamp":"2025-02-25 16:54:00,766+0530","service":"FyersAPI"}
{"level":"ERROR","location":"[get_call:143] fyersModel","message":{"API":"/positions","Error":{"code":-16,"message":"Could not authenticate the user","s":"error"}},"timestamp":"2025-02-25 16:54:00,877+0530","service":"FyersAPI"}
{"level":"ERROR","location":"[get_call:143] fyersModel","message":{"API":"/funds","Error":{"code":-16,"message":"Could not authenticate the user","s":"error"}},"timestamp":"2025-02-25 16:55:43,909+0530","service":"FyersAPI"}
{"level":"ERROR","location":"[get_call:143] fyersModel","message":{"API":"/positions","Error":{"code":-16,"message":"Could not authenticate the user","s":"error"}},"timestamp":"2025-02-25 16:55:44,020+0530","service":"FyersAPI"}
{"level":"ERROR","location":"[get_call:143] fyersModel","message":{"API":"/funds","Error":{"code":-16,"message":"Could not authenticate the user","s":"error"}},"timestamp":"2025-02-25 17:50:48,537+0530","service":"FyersAPI"}
{"level":"ERROR","location":"[get_call:143] fyersModel","message":{"API":"/positions","Error":{"code":-16,"message":"Could not authenticate the user","s":"error"}},"timestamp":"2025-02-25 17:50:48,659+0530","service":"FyersAPI"}
{"level":"ERROR","location":"[get_call:143] fyersModel","message":{"API":"/history","Error":{"code":-16,"message":"Could not authenticate the user","s":"error"}},"timestamp":"2025-03-07 16:40:17,923+0530","service":"FyersAPI"}
{"level":"ERROR","location":"[get_call:143] fyersModel","message":{"API":"/history","Error":{"code":-300,"message":"Invalid symbol provided","s":"error"}},"timestamp":"2025-03-07 16:40:37,016+0530","service":"FyersAPI"}
{"level":"ERROR","location":"[get_call:143] fyersModel","message":{"API":"/history","Error":{"code":-16,"message":"Could not authenticate the user","s":"error"}},"timestamp":"2025-03-11 19:52:30,571+0530","service":"FyersAPI"}
{"level":"ERROR","location":"[get_call:143] fyersModel","message":{"API":"/history","Error":{"code":-16,"message":"Could not authenticate the user","s":"error"}},"timestamp":"2025-03-11 19:52:30,734+0530","service":"FyersAPI"}
{"level":"ERROR","location":"[get_call:143] fyersModel","message":{"API":"/history","Error":{"code":-16,"message":"Could not authenticate the user","s":"error"}},"timestamp":"2025-03-11 19:52:30,878+0530","service":"FyersAPI"}
{"level":"ERROR","location":"[get_call:143] fyersModel","message":{"API":"/history","Error":{"code":-16,"message":"Could not authenticate the user","s":"error"}},"timestamp":"2025-03-11 19:52:31,023+0530","service":"FyersAPI"}
{"level":"ERROR","location":"[get_call:143] fyersModel","message":{"API":"/history","Error":{"code":-16,"message":"Could not authenticate the user","s":"error"}},"timestamp":"2025-03-11 19:52:31,172+0530","service":"FyersAPI"}
{"level":"ERROR","location":"[get_call:143] fyersModel","message":{"API":"/history","Error":{"code":-16,"message":"Could not authenticate the user","s":"error"}},"timestamp":"2025-03-11 19:52:31,313+0530","service":"FyersAPI"}
{"level":"ERROR","location":"[get_call:143] fyersModel","message":{"API":"/history","Error":{"code":429,"message":"request limit reached","s":"error"}},"timestamp":"2025-03-16 19:41:02,915+0530","service":"FyersAPI"}
{"level":"ERROR","location":"[get_call:143] fyersModel","message":{"API":"/history","Error":{"code":429,"message":"request limit reached","s":"error"}},"timestamp":"2025-03-16 19:41:03,055+0530","service":"FyersAPI"}
{"level":"ERROR","location":"[get_call:143] fyersModel","message":{"API":"/history","Error":{"code":429,"message":"request limit reached","s":"error"}},"timestamp":"2025-03-16 19:41:03,208+0530","service":"FyersAPI"}
{"level":"ERROR","location":"[get_call:143] fyersModel","message":{"API":"/history","Error":{"code":429,"message":"request limit reached","s":"error"}},"timestamp":"2025-03-16 19:41:03,341+0530","service":"FyersAPI"}
{"level":"ERROR","location":"[get_call:143] fyersModel","message":{"API":"/history","Error":{"code":429,"message":"request limit reached","s":"error"}},"timestamp":"2025-03-16 19:41:03,472+0530","service":"FyersAPI"}
{"level":"ERROR","location":"[get_call:143] fyersModel","message":{"API":"/history","Error":{"code":429,"message":"request limit reached","s":"error"}},"timestamp":"2025-03-16 19:41:03,620+0530","service":"FyersAPI"}
{"level":"ERROR","location":"[get_call:143] fyersModel","message":{"API":"/history","Error":{"code":429,"message":"request limit reached","s":"error"}},"timestamp":"2025-03-16 19:41:03,754+0530","service":"FyersAPI"}
{"level":"ERROR","location":"[get_call:143] fyersModel","message":{"API":"/history","Error":{"code":429,"message":"request limit reached","s":"error"}},"timestamp":"2025-03-16 19:41:03,899+0530","service":"FyersAPI"}
{"level":"ERROR","location":"[get_call:143] fyersModel","message":{"API":"/history","Error":{"code":429,"message":"request limit reached","s":"error"}},"timestamp":"2025-03-16 19:41:04,045+0530","service":"FyersAPI"}
{"level":"ERROR","location":"[get_call:143] fyersModel","message":{"API":"/history","Error":{"code":429,"message":"request limit reached","s":"error"}},"timestamp":"2025-03-16 19:41:04,176+0530","service":"FyersAPI"}
{"level":"ERROR","location":"[get_call:143] fyersModel","message":{"API":"/history","Error":{"code":429,"message":"request limit reached","s":"error"}},"timestamp":"2025-03-16 19:41:04,343+0530","service":"FyersAPI"}
{"level":"ERROR","location":"[get_call:143] fyersModel","message":{"API":"/history","Error":{"code":429,"message":"request limit reached","s":"error"}},"timestamp":"2025-03-16 19:41:04,482+0530","service":"FyersAPI"}
{"level":"ERROR","location":"[get_call:143] fyersModel","message":{"API":"/history","Error":{"code":429,"message":"request limit reached","s":"error"}},"timestamp":"2025-03-16 19:41:04,632+0530","service":"FyersAPI"}
{"level":"ERROR","location":"[get_call:143] fyersModel","message":{"API":"/history","Error":{"code":429,"message":"request limit reached","s":"error"}},"timestamp":"2025-03-16 19:41:04,778+0530","service":"FyersAPI"}
{"level":"ERROR","location":"[get_call:143] fyersModel","message":{"API":"/history","Error":{"code":429,"message":"request limit reached","s":"error"}},"timestamp":"2025-03-16 19:41:04,932+0530","service":"FyersAPI"}
{"level":"ERROR","location":"[get_call:143] fyersModel","message":{"API":"/history","Error":{"code":429,"message":"request limit reached","s":"error"}},"timestamp":"2025-03-16 19:41:05,098+0530","service":"FyersAPI"}
{"level":"ERROR","location":"[get_call:143] fyersModel","message":{"API":"/history","Error":{"code":429,"message":"request limit reached","s":"error"}},"timestamp":"2025-03-16 19:41:05,232+0530","service":"FyersAPI"}
{"level":"ERROR","location":"[get_call:143] fyersModel","message":{"API":"/history","Error":{"code":429,"message":"request limit reached","s":"error"}},"timestamp":"2025-03-16 19:41:05,386+0530","service":"FyersAPI"}
{"level":"ERROR","location":"[get_call:143] fyersModel","message":{"API":"/history","Error":{"code":429,"message":"request limit reached","s":"error"}},"timestamp":"2025-03-16 19:41:05,536+0530","service":"FyersAPI"}
{"level":"ERROR","location":"[get_call:143] fyersModel","message":{"API":"/history","Error":{"code":429,"message":"request limit reached","s":"error"}},"timestamp":"2025-03-16 19:41:05,726+0530","service":"FyersAPI"}
{"level":"ERROR","location":"[get_call:143] fyersModel","message":{"API":"/history","Error":{"code":429,"message":"request limit reached","s":"error"}},"timestamp":"2025-03-16 19:41:05,857+0530","service":"FyersAPI"}
{"level":"ERROR","location":"[get_call:143] fyersModel","message":{"API":"/history","Error":{"code":429,"message":"request limit reached","s":"error"}},"timestamp":"2025-03-16 19:41:05,982+0530","service":"FyersAPI"}
{"level":"ERROR","location":"[get_call:143] fyersModel","message":{"API":"/history","Error":{"code":429,"message":"request limit reached","s":"error"}},"timestamp":"2025-03-16 19:41:06,117+0530","service":"FyersAPI"}
{"level":"ERROR","location":"[get_call:143] fyersModel","message":{"API":"/history","Error":{"code":429,"message":"request limit reached","s":"error"}},"timestamp":"2025-03-16 19:41:06,246+0530","service":"FyersAPI"}
{"level":"ERROR","location":"[get_call:143] fyersModel","message":{"API":"/history","Error":{"code":429,"message":"request limit reached","s":"error"}},"timestamp":"2025-03-16 19:41:06,378+0530","service":"FyersAPI"}
{"level":"ERROR","location":"[get_call:143] fyersModel","message":{"API":"/history","Error":{"code":429,"message":"request limit reached","s":"error"}},"timestamp":"2025-03-16 19:41:06,512+0530","service":"FyersAPI"}
